<?xml version="1.0" encoding="UTF-8"?>
<testsuite name="pc.li52d.threading.BasicThreadTests" tests="5" skipped="0" failures="1" errors="0" timestamp="2021-10-10T07:41:17" hostname="DESKTOP-2JGK2MO" time="8.17">
  <properties/>
  <testcase name="helloFromThread" classname="pc.li52d.threading.BasicThreadTests" time="2.011"/>
  <testcase name="interrupt_thread_test" classname="pc.li52d.threading.BasicThreadTests" time="4.006"/>
  <testcase name="multi_thread_counter_increment_without_sync_test" classname="pc.li52d.threading.BasicThreadTests" time="0.038">
    <failure message="java.lang.AssertionError: expected:&lt;2000000&gt; but was:&lt;648389&gt;" type="java.lang.AssertionError">java.lang.AssertionError: expected:&lt;2000000&gt; but was:&lt;648389&gt;
	at org.junit.Assert.fail(Assert.java:88)
	at org.junit.Assert.failNotEquals(Assert.java:834)
	at org.junit.Assert.assertEquals(Assert.java:645)
	at org.junit.Assert.assertEquals(Assert.java:631)
	at pc.li52d.threading.BasicThreadTests.multi_thread_counter_increment_without_sync_test(BasicThreadTests.java:142)
	at java.base/jdk.internal.reflect.NativeMethodAccessorImpl.invoke0(Native Method)
	at java.base/jdk.internal.reflect.NativeMethodAccessorImpl.invoke(NativeMethodAccessorImpl.java:62)
	at java.base/jdk.internal.reflect.DelegatingMethodAccessorImpl.invoke(DelegatingMethodAccessorImpl.java:43)
	at java.base/java.lang.reflect.Method.invoke(Method.java:566)
	at org.junit.runners.model.FrameworkMethod$1.runReflectiveCall(FrameworkMethod.java:50)
	at org.junit.internal.runners.model.ReflectiveCallable.run(ReflectiveCallable.java:12)
	at org.junit.runners.model.FrameworkMethod.invokeExplosively(FrameworkMethod.java:47)
	at org.junit.internal.runners.statements.InvokeMethod.evaluate(InvokeMethod.java:17)
	at org.junit.runners.ParentRunner.runLeaf(ParentRunner.java:325)
	at org.junit.runners.BlockJUnit4ClassRunner.runChild(BlockJUnit4ClassRunner.java:78)
	at org.junit.runners.BlockJUnit4ClassRunner.runChild(BlockJUnit4ClassRunner.java:57)
	at org.junit.runners.ParentRunner$3.run(ParentRunner.java:290)
	at org.junit.runners.ParentRunner$1.schedule(ParentRunner.java:71)
	at org.junit.runners.ParentRunner.runChildren(ParentRunner.java:288)
	at org.junit.runners.ParentRunner.access$000(ParentRunner.java:58)
	at org.junit.runners.ParentRunner$2.evaluate(ParentRunner.java:268)
	at org.junit.runners.ParentRunner.run(ParentRunner.java:363)
	at org.gradle.api.internal.tasks.testing.junit.JUnitTestClassExecutor.runTestClass(JUnitTestClassExecutor.java:110)
	at org.gradle.api.internal.tasks.testing.junit.JUnitTestClassExecutor.execute(JUnitTestClassExecutor.java:58)
	at org.gradle.api.internal.tasks.testing.junit.JUnitTestClassExecutor.execute(JUnitTestClassExecutor.java:38)
	at org.gradle.api.internal.tasks.testing.junit.AbstractJUnitTestClassProcessor.processTestClass(AbstractJUnitTestClassProcessor.java:62)
	at org.gradle.api.internal.tasks.testing.SuiteTestClassProcessor.processTestClass(SuiteTestClassProcessor.java:51)
	at java.base/jdk.internal.reflect.NativeMethodAccessorImpl.invoke0(Native Method)
	at java.base/jdk.internal.reflect.NativeMethodAccessorImpl.invoke(NativeMethodAccessorImpl.java:62)
	at java.base/jdk.internal.reflect.DelegatingMethodAccessorImpl.invoke(DelegatingMethodAccessorImpl.java:43)
	at java.base/java.lang.reflect.Method.invoke(Method.java:566)
	at org.gradle.internal.dispatch.ReflectionDispatch.dispatch(ReflectionDispatch.java:36)
	at org.gradle.internal.dispatch.ReflectionDispatch.dispatch(ReflectionDispatch.java:24)
	at org.gradle.internal.dispatch.ContextClassLoaderDispatch.dispatch(ContextClassLoaderDispatch.java:33)
	at org.gradle.internal.dispatch.ProxyDispatchAdapter$DispatchingInvocationHandler.invoke(ProxyDispatchAdapter.java:94)
	at com.sun.proxy.$Proxy2.processTestClass(Unknown Source)
	at org.gradle.api.internal.tasks.testing.worker.TestWorker.processTestClass(TestWorker.java:119)
	at java.base/jdk.internal.reflect.NativeMethodAccessorImpl.invoke0(Native Method)
	at java.base/jdk.internal.reflect.NativeMethodAccessorImpl.invoke(NativeMethodAccessorImpl.java:62)
	at java.base/jdk.internal.reflect.DelegatingMethodAccessorImpl.invoke(DelegatingMethodAccessorImpl.java:43)
	at java.base/java.lang.reflect.Method.invoke(Method.java:566)
	at org.gradle.internal.dispatch.ReflectionDispatch.dispatch(ReflectionDispatch.java:36)
	at org.gradle.internal.dispatch.ReflectionDispatch.dispatch(ReflectionDispatch.java:24)
	at org.gradle.internal.remote.internal.hub.MessageHubBackedObjectConnection$DispatchWrapper.dispatch(MessageHubBackedObjectConnection.java:182)
	at org.gradle.internal.remote.internal.hub.MessageHubBackedObjectConnection$DispatchWrapper.dispatch(MessageHubBackedObjectConnection.java:164)
	at org.gradle.internal.remote.internal.hub.MessageHub$Handler.run(MessageHub.java:414)
	at org.gradle.internal.concurrent.ExecutorPolicy$CatchAndRecordFailures.onExecute(ExecutorPolicy.java:64)
	at org.gradle.internal.concurrent.ManagedExecutorImpl$1.run(ManagedExecutorImpl.java:48)
	at java.base/java.util.concurrent.ThreadPoolExecutor.runWorker(ThreadPoolExecutor.java:1128)
	at java.base/java.util.concurrent.ThreadPoolExecutor$Worker.run(ThreadPoolExecutor.java:628)
	at org.gradle.internal.concurrent.ThreadFactoryImpl$ManagedThreadRunnable.run(ThreadFactoryImpl.java:56)
	at java.base/java.lang.Thread.run(Thread.java:834)
</failure>
  </testcase>
  <testcase name="multi_thread_counter_increment_with_sync_test" classname="pc.li52d.threading.BasicThreadTests" time="0.113"/>
  <testcase name="hello_from_thread_code_in_method_reference" classname="pc.li52d.threading.BasicThreadTests" time="2.002"/>
  <system-out><![CDATA[]]></system-out>
  <system-err><![CDATA[[Test worker] INFO pc.li52d.threading.BasicThreadTests - test thread is Test worker, id 14
[Test worker] INFO pc.li52d.threading.BasicThreadTests - created thread is 17
[Test worker] INFO pc.li52d.threading.BasicThreadTests - Is daemon? false
[Test worker] INFO pc.li52d.threading.BasicThreadTests - group thread main
[Test worker] INFO pc.li52d.threading.BasicThreadTests - group thread Test worker
[Test worker] INFO pc.li52d.threading.BasicThreadTests - group thread /127.0.0.1:1042 to /127.0.0.1:1041 workers Thread 2
[Test worker] INFO pc.li52d.threading.BasicThreadTests - group thread /127.0.0.1:1042 to /127.0.0.1:1041 workers Thread 3
[Test worker] INFO pc.li52d.threading.BasicThreadTests - group thread Thread-3
[Test worker] INFO pc.li52d.threading.BasicThreadTests - Thread t isAlive=true
[Thread-3] INFO pc.li52d.threading.BasicThreadTests - Hello from new thread Thread-3, id = 17 
[Test worker] INFO pc.li52d.threading.BasicThreadTests - After join thread t isAlive=false
[Test worker] INFO pc.li52d.threading.BasicThreadTests - Created thread Thread-4 isAlive state is true
[Thread-4] INFO pc.li52d.threading.BasicThreadTests - I'm new  thread Thread-4 isAlive state is true
[Thread-4] INFO pc.l52d.threading.Utils - sleep on thread 18 was interrupted
Exception in thread "Thread-4" java.lang.RuntimeException: java.lang.InterruptedException: sleep interrupted
	at pc.l52d.threading.Utils.sleep(Utils.java:31)
	at pc.li52d.threading.BasicThreadTests.lambda$interrupt_thread_test$1(BasicThreadTests.java:97)
	at java.base/java.lang.Thread.run(Thread.java:834)
Caused by: java.lang.InterruptedException: sleep interrupted
	at java.base/java.lang.Thread.sleep(Native Method)
	at pc.l52d.threading.Utils.sleep(Utils.java:27)
	... 2 more
[Test worker] INFO pc.li52d.threading.BasicThreadTests - after join
[Test worker] INFO pc.li52d.threading.BasicThreadTests - Thread t isAlive=true
[Thread-45] INFO pc.li52d.threading.BasicThreadTests - Hello from new thread Thread-45, id = 59 
[Test worker] INFO pc.li52d.threading.BasicThreadTests - After join thread t isAlive=false
]]></system-err>
</testsuite>
